2025-03-28 17:13:49.658258 - Received CBT.V508.FILE097.PDS from FILE097.XMI 
2025-03-28 17:13:49.659973 - Found $$$#DATE.txt (text/plain) in CBT.V508.FILE097.PDS, moved to PDS/$$$#DATE
2025-03-28 17:13:49.661480 - Found @DOC.txt (text/plain) in CBT.V508.FILE097.PDS, moved to PDS/@DOC
2025-03-28 17:13:49.662614 - Found @FILE097.txt (text/plain) in CBT.V508.FILE097.PDS, moved to PDS/@FILE097
2025-03-28 17:13:49.664150 - Found CDMFD000.txt (text/plain) in CBT.V508.FILE097.PDS, moved to PDS/CDMFD000
2025-03-28 17:13:49.665084 - Found CDMFD010.txt (text/plain) in CBT.V508.FILE097.PDS, moved to PDS/CDMFD010
2025-03-28 17:13:49.665580 - Found CDMFD020.txt (text/plain) in CBT.V508.FILE097.PDS, moved to PDS/CDMFD020
2025-03-28 17:13:49.666163 - Found CDMFD030.txt (text/plain) in CBT.V508.FILE097.PDS, moved to PDS/CDMFD030
2025-03-28 17:13:49.667252 - Found CTLDM203.txt (text/plain) in CBT.V508.FILE097.PDS, moved to PDS/CTLDM203
2025-03-28 17:13:49.667884 - Found CTLDM206.txt (text/plain) in CBT.V508.FILE097.PDS, moved to PDS/CTLDM206
2025-03-28 17:13:49.668448 - Found CTLDM220.txt (text/plain) in CBT.V508.FILE097.PDS, moved to PDS/CTLDM220
2025-03-28 17:13:49.668977 - Found CTLDM230.txt (text/plain) in CBT.V508.FILE097.PDS, moved to PDS/CTLDM230
2025-03-28 17:13:49.669453 - Found CTLDM310.txt (text/plain) in CBT.V508.FILE097.PDS, moved to PDS/CTLDM310
2025-03-28 17:13:49.670007 - Found CTLDM315.txt (text/plain) in CBT.V508.FILE097.PDS, moved to PDS/CTLDM315
2025-03-28 17:13:49.670712 - Found CTLDM330.txt (text/plain) in CBT.V508.FILE097.PDS, moved to PDS/CTLDM330
2025-03-28 17:13:49.671241 - Found CTLDM350.txt (text/plain) in CBT.V508.FILE097.PDS, moved to PDS/CTLDM350
2025-03-28 17:13:49.672511 - Found CTLDM380.txt (text/plain) in CBT.V508.FILE097.PDS, moved to PDS/CTLDM380
2025-03-28 17:13:49.674551 - Found CTLMEAAM.txt (text/plain) in CBT.V508.FILE097.PDS, moved to PDS/CTLMEAAM
2025-03-28 17:13:49.675269 - Found CTLMEGRP.txt (text/plain) in CBT.V508.FILE097.PDS, moved to PDS/CTLMEGRP
2025-03-28 17:13:49.676589 - Found CTLTSOID.txt (text/plain) in CBT.V508.FILE097.PDS, moved to PDS/CTLTSOID
2025-03-28 17:13:49.677533 - Found DATCNVRT.txt (text/plain) in CBT.V508.FILE097.PDS, moved to PDS/DATCNVRT
2025-03-28 17:13:49.678433 - Found DM011SCR.txt (text/plain) in CBT.V508.FILE097.PDS, moved to PDS/DM011SCR
2025-03-28 17:13:49.679426 - Found DM100PUP.txt (text/plain) in CBT.V508.FILE097.PDS, moved to PDS/DM100PUP
2025-03-28 17:13:49.680297 - Found DM110PUP.txt (text/plain) in CBT.V508.FILE097.PDS, moved to PDS/DM110PUP
2025-03-28 17:13:49.681033 - Found DM120PUP.txt (text/plain) in CBT.V508.FILE097.PDS, moved to PDS/DM120PUP
2025-03-28 17:13:49.681915 - Found DM130PRP.txt (text/plain) in CBT.V508.FILE097.PDS, moved to PDS/DM130PRP
2025-03-28 17:13:49.682633 - Found DM140PUP.txt (text/plain) in CBT.V508.FILE097.PDS, moved to PDS/DM140PUP
2025-03-28 17:13:49.683241 - Found DM150PUP.txt (text/plain) in CBT.V508.FILE097.PDS, moved to PDS/DM150PUP
2025-03-28 17:13:49.684035 - Found DM160PRP.txt (text/plain) in CBT.V508.FILE097.PDS, moved to PDS/DM160PRP
2025-03-28 17:13:49.684938 - Found DM170PRP.txt (text/plain) in CBT.V508.FILE097.PDS, moved to PDS/DM170PRP
2025-03-28 17:13:49.685559 - Found DM190PUP.txt (text/plain) in CBT.V508.FILE097.PDS, moved to PDS/DM190PUP
2025-03-28 17:13:49.686327 - Found DM200PUP.txt (text/plain) in CBT.V508.FILE097.PDS, moved to PDS/DM200PUP
2025-03-28 17:13:49.689640 - Found DM210PRP.txt (text/plain) in CBT.V508.FILE097.PDS, moved to PDS/DM210PRP
2025-03-28 17:13:49.690055 - Found DM230PRP.txt (text/plain) in CBT.V508.FILE097.PDS, moved to PDS/DM230PRP
2025-03-28 17:13:49.691162 - Found DM298PUP.txt (text/plain) in CBT.V508.FILE097.PDS, moved to PDS/DM298PUP
2025-03-28 17:13:49.691850 - Found DM999DSU.txt (text/plain) in CBT.V508.FILE097.PDS, moved to PDS/DM999DSU
2025-03-28 17:13:49.692699 - Found DOCPROG.txt (text/plain) in CBT.V508.FILE097.PDS, moved to PDS/DOCPROG
2025-03-28 17:13:49.693717 - Found DOCUSER.txt (text/plain) in CBT.V508.FILE097.PDS, moved to PDS/DOCUSER
2025-03-28 17:13:49.694312 - Found GETCTRL.txt (text/plain) in CBT.V508.FILE097.PDS, moved to PDS/GETCTRL
2025-03-28 17:13:49.695315 - Found HSMMCDS.txt (text/plain) in CBT.V508.FILE097.PDS, moved to PDS/HSMMCDS
2025-03-28 17:13:49.697278 - Found HSMMWE.txt (text/plain) in CBT.V508.FILE097.PDS, moved to PDS/HSMMWE
2025-03-28 17:13:49.697984 - Found HSMXEQ.txt (text/plain) in CBT.V508.FILE097.PDS, moved to PDS/HSMXEQ
2025-03-28 17:13:49.698536 - Found JCLDM200.jcl (text/plain) in CBT.V508.FILE097.PDS, moved to PDS/JCLDM200
2025-03-28 17:13:49.699044 - Found JCLDM203.jcl (text/plain) in CBT.V508.FILE097.PDS, moved to PDS/JCLDM203
2025-03-28 17:13:49.700223 - Found JCLDM206.jcl (text/plain) in CBT.V508.FILE097.PDS, moved to PDS/JCLDM206
2025-03-28 17:13:49.703227 - Found JCLDM210.jcl (text/plain) in CBT.V508.FILE097.PDS, moved to PDS/JCLDM210
2025-03-28 17:13:49.703741 - Found JCLDM220.jcl (text/plain) in CBT.V508.FILE097.PDS, moved to PDS/JCLDM220
2025-03-28 17:13:49.704478 - Found JCLDM230.jcl (text/plain) in CBT.V508.FILE097.PDS, moved to PDS/JCLDM230
2025-03-28 17:13:49.705061 - Found JCLDM299.jcl (text/plain) in CBT.V508.FILE097.PDS, moved to PDS/JCLDM299
2025-03-28 17:13:49.705639 - Found JCLDM300.jcl (text/plain) in CBT.V508.FILE097.PDS, moved to PDS/JCLDM300
2025-03-28 17:13:49.706193 - Found JCLDM310.jcl (text/plain) in CBT.V508.FILE097.PDS, moved to PDS/JCLDM310
2025-03-28 17:13:49.707088 - Found JCLDM315.jcl (text/plain) in CBT.V508.FILE097.PDS, moved to PDS/JCLDM315
2025-03-28 17:13:49.707674 - Found JCLDM320.jcl (text/plain) in CBT.V508.FILE097.PDS, moved to PDS/JCLDM320
2025-03-28 17:13:49.708253 - Found JCLDM330.jcl (text/plain) in CBT.V508.FILE097.PDS, moved to PDS/JCLDM330
2025-03-28 17:13:49.708763 - Found JCLDM340.jcl (text/plain) in CBT.V508.FILE097.PDS, moved to PDS/JCLDM340
2025-03-28 17:13:49.709190 - Found JCLDM350.jcl (text/plain) in CBT.V508.FILE097.PDS, moved to PDS/JCLDM350
2025-03-28 17:13:49.709785 - Found JCLDM360.jcl (text/plain) in CBT.V508.FILE097.PDS, moved to PDS/JCLDM360
2025-03-28 17:13:49.710292 - Found JCLDM370.jcl (text/plain) in CBT.V508.FILE097.PDS, moved to PDS/JCLDM370
2025-03-28 17:13:49.710782 - Found JCLDM380.jcl (text/plain) in CBT.V508.FILE097.PDS, moved to PDS/JCLDM380
2025-03-28 17:13:49.711316 - Found JCLDM390.jcl (text/plain) in CBT.V508.FILE097.PDS, moved to PDS/JCLDM390
2025-03-28 17:13:49.711861 - Found JGDATE.txt (text/plain) in CBT.V508.FILE097.PDS, moved to PDS/JGDATE
2025-03-28 17:13:49.712374 - Found PDSLIST.jcl (text/plain) in CBT.V508.FILE097.PDS, moved to PDS/PDSLIST
2025-03-28 17:13:49.714728 - Found PRCDM200.txt (text/plain) in CBT.V508.FILE097.PDS, moved to PDS/PRCDM200
2025-03-28 17:13:49.715268 - Found PRCDM203.txt (text/plain) in CBT.V508.FILE097.PDS, moved to PDS/PRCDM203
2025-03-28 17:13:49.717020 - Found PRCDM206.txt (text/plain) in CBT.V508.FILE097.PDS, moved to PDS/PRCDM206
2025-03-28 17:13:49.717537 - Found PRCDM210.txt (text/plain) in CBT.V508.FILE097.PDS, moved to PDS/PRCDM210
2025-03-28 17:13:49.718063 - Found PRCDM220.txt (text/plain) in CBT.V508.FILE097.PDS, moved to PDS/PRCDM220
2025-03-28 17:13:49.718524 - Found PRCDM230.txt (text/plain) in CBT.V508.FILE097.PDS, moved to PDS/PRCDM230
2025-03-28 17:13:49.718989 - Found PRCDM299.txt (text/plain) in CBT.V508.FILE097.PDS, moved to PDS/PRCDM299
2025-03-28 17:13:49.721605 - Found PRCDM300.txt (text/plain) in CBT.V508.FILE097.PDS, moved to PDS/PRCDM300
2025-03-28 17:13:49.722146 - Found PRCDM310.txt (text/plain) in CBT.V508.FILE097.PDS, moved to PDS/PRCDM310
2025-03-28 17:13:49.722707 - Found PRCDM315.txt (text/plain) in CBT.V508.FILE097.PDS, moved to PDS/PRCDM315
2025-03-28 17:13:49.723381 - Found PRCDM320.txt (text/plain) in CBT.V508.FILE097.PDS, moved to PDS/PRCDM320
2025-03-28 17:13:49.723970 - Found PRCDM330.txt (text/plain) in CBT.V508.FILE097.PDS, moved to PDS/PRCDM330
2025-03-28 17:13:49.726463 - Found PRCDM340.txt (text/plain) in CBT.V508.FILE097.PDS, moved to PDS/PRCDM340
2025-03-28 17:13:49.727402 - Found PRCDM350.txt (text/plain) in CBT.V508.FILE097.PDS, moved to PDS/PRCDM350
2025-03-28 17:13:49.729811 - Found PRCDM360.txt (text/plain) in CBT.V508.FILE097.PDS, moved to PDS/PRCDM360
2025-03-28 17:13:49.730448 - Found PRCDM370.txt (text/plain) in CBT.V508.FILE097.PDS, moved to PDS/PRCDM370
2025-03-28 17:13:49.731138 - Found PRCDM380.txt (text/plain) in CBT.V508.FILE097.PDS, moved to PDS/PRCDM380
2025-03-28 17:13:49.733146 - Found PRCDM390.txt (text/plain) in CBT.V508.FILE097.PDS, moved to PDS/PRCDM390
2025-03-28 17:13:49.733515 - Found USERDUMP.txt (text/plain) in CBT.V508.FILE097.PDS, moved to PDS/USERDUMP
2025-03-28 17:13:49.734147 - Found VVDSLIS$.jcl (text/plain) in CBT.V508.FILE097.PDS, moved to PDS/VVDSLIS$
2025-03-28 17:13:49.736016 - Found VVDSLIST.txt (text/plain) in CBT.V508.FILE097.PDS, moved to PDS/VVDSLIST
2025-03-28 17:13:49.737580 - Found VVDSLIS1.txt (text/plain) in CBT.V508.FILE097.PDS, moved to PDS/VVDSLIS1
2025-03-28 17:13:49.738301 - Found VVDSTES1.jcl (text/plain) in CBT.V508.FILE097.PDS, moved to PDS/VVDSTES1
2025-03-28 17:13:49.738787 - Found VVDSTES2.jcl (text/plain) in CBT.V508.FILE097.PDS, moved to PDS/VVDSTES2
